Starting preprocessing of the model file ...
Found 5 equation(s).
Evaluating expressions...done
Computing static model derivatives (order 1).
Computing dynamic model derivatives (order 1).
Processing outputs ...
done
Preprocessing completed.

STEADY-STATE RESULTS:

pi 		 0
i  		 0
x  		 0
ep 		 0
ex 		 0

MODEL SUMMARY

  Number of variables:         5
  Number of stochastic shocks: 2
  Number of state variables:   2
  Number of jumpers:           1
  Number of static variables:  2


MATRIX OF COVARIANCE OF EXOGENOUS SHOCKS
Variables        etap      etax
etap         0.000100  0.000000
etax         0.000000  0.000025

POLICY AND TRANSITION FUNCTIONS
                                  pi               i               x              ep              ex
ep(-1)                             0        0.380000       -3.800000        0.950000               0
ex(-1)                             0        1.900000               0               0        0.950000
etap                               0        0.400000       -4.000000        1.000000               0
etax                               0        2.000000               0               0        1.000000


THEORETICAL MOMENTS
VARIABLE         MEAN  STD. DEV.   VARIANCE
pi             0.0000     0.0000     0.0000
i              0.0000     0.0345     0.0012
x              0.0000     0.1281     0.0164
ep             0.0000     0.0320     0.0010
ex             0.0000     0.0160     0.0003



VARIANCE DECOMPOSITION (in percent)
        etap    etax
pi       NaN     NaN
i      13.79   86.21
x     100.00    0.00
ep    100.00    0.00
ex      0.00  100.00



MATRIX OF CORRELATIONS
Variables         i       x      ep      ex
i            1.0000 -0.3714  0.3714  0.9285
x           -0.3714  1.0000 -1.0000  0.0000
ep           0.3714 -1.0000  1.0000  0.0000
ex           0.9285  0.0000  0.0000  1.0000



COEFFICIENTS OF AUTOCORRELATION
Order          1       2       3       4       5
i         0.9500  0.9025  0.8574  0.8145  0.7738
x         0.9500  0.9025  0.8574  0.8145  0.7738
ep        0.9500  0.9025  0.8574  0.8145  0.7738
ex        0.9500  0.9025  0.8574  0.8145  0.7738
Total computing time : 0h00m01s
